[08:23:40] [ServerMain/INFO]: Environment: Environment[sessionHost=https://sessionserver.mojang.com, servicesHost=https://api.minecraftservices.com, name=PROD]
[08:23:42] [ServerMain/INFO]: Loaded 1174 recipes
[08:23:42] [ServerMain/INFO]: Loaded 1271 advancements
[08:23:42] [Server thread/INFO]: Starting minecraft server version 1.20.4
[08:23:42] [Server thread/INFO]: Loading properties
[08:23:42] [Server thread/INFO]: This server is running Paper version git-Paper-398 (MC: 1.20.4) (Implementing API version 1.20.4-R0.1-SNAPSHOT) (Git: b700460)
[08:23:43] [Server thread/INFO]: Server Ping Player Sample Count: 12
[08:23:43] [Server thread/INFO]: Using 4 threads for Netty based IO
[08:23:43] [Server thread/WARN]: [!] The timings profiler has been enabled but has been scheduled for removal from Paper in the future.
    We recommend installing the spark profiler as a replacement: https://spark.lucko.me/
    For more information please visit: https://github.com/PaperMC/Paper/issues/8948
[08:23:43] [Server thread/INFO]: [ChunkTaskScheduler] Chunk system is using 1 I/O threads, 1 worker threads, and gen parallelism of 1 threads
[08:23:44] [Server thread/INFO]: Default game type: SURVIVAL
[08:23:44] [Server thread/INFO]: Generating keypair
[08:23:44] [Server thread/INFO]: Starting Minecraft server on *:25565
[08:23:44] [Server thread/INFO]: Using epoll channel type
[08:23:44] [Server thread/INFO]: Paper: Using libdeflate (Linux x86_64) compression from Velocity.
[08:23:44] [Server thread/INFO]: Paper: Using OpenSSL 1.1.x (Linux x86_64) cipher from Velocity.
[08:23:44] [Server thread/INFO]: [floodgate] Loading server plugin floodgate v2.2.3-SNAPSHOT (b114-83fbd6e)
[08:23:45] [Server thread/WARN]: [floodgate] en_ is not a supported Floodgate language.
[08:23:45] [Server thread/INFO]: [floodgate] Took 750ms to boot Floodgate
[08:23:45] [Server thread/INFO]: [ViaVersion] Loading server plugin ViaVersion v5.1.1
[08:23:45] [Server thread/INFO]: [ViaVersion] ViaVersion 5.1.1 is now loaded. Registering protocol transformers and injecting...
[08:23:45] [Via-Mappingloader-0/INFO]: [ViaVersion] Loading block connection mappings ...
[08:23:46] [Via-Mappingloader-0/INFO]: [ViaVersion] Using FastUtil Long2ObjectOpenHashMap for block connections
[08:23:46] [Server thread/INFO]: [ViaBackwards] Loading translations...
[08:23:46] [Server thread/INFO]: [ViaBackwards] Registering protocols...
[08:23:46] [Server thread/INFO]: [Geyser-Spigot] Loading server plugin Geyser-Spigot v2.5.1-SNAPSHOT
[08:23:47] [Server thread/ERROR]: [Geyser-Spigot] [STDERR] Invalid number found for Geyser remote port in config!
[08:23:47] [Server thread/WARN]: Nag author(s): '[GeyserMC]' of 'Geyser-Spigot v2.5.1-SNAPSHOT' about their usage of System.out/err.print. Please use your plugin's logger instead (JavaPlugin#getLogger).
[08:23:47] [Server thread/INFO]: [Geyser-Spigot] Loading extensions...
[08:23:47] [Server thread/INFO]: [Geyser-Spigot] Loaded 0 extension(s)
[08:23:47] [Server thread/INFO]: [ViaBackwards] Loading server plugin ViaBackwards v5.1.1
[08:23:47] [Server thread/INFO]: Server permissions file permissions.yml is empty, ignoring it
[08:23:47] [Server thread/WARN]: **** SERVER IS RUNNING IN OFFLINE/INSECURE MODE!
[08:23:47] [Server thread/WARN]: The server will make no attempt to authenticate usernames. Beware.
[08:23:47] [Server thread/WARN]: While this makes the game possible to play without internet access, it also opens up the ability for hackers to connect with any username they choose.
[08:23:47] [Server thread/WARN]: To change this, set "online-mode" to "true" in the server.properties file.
[08:23:47] [Server thread/INFO]: Preparing level "world"
[08:23:47] [Server thread/INFO]: Preparing start region for dimension minecraft:overworld
[08:23:48] [Server thread/INFO]: Time elapsed: 246 ms
[08:23:48] [Server thread/INFO]: Preparing start region for dimension minecraft:the_nether
[08:23:49] [Server thread/INFO]: Time elapsed: 1374 ms
[08:23:49] [Server thread/INFO]: Preparing start region for dimension minecraft:the_end
[08:23:49] [Server thread/INFO]: Time elapsed: 88 ms
[08:23:49] [Server thread/INFO]: [floodgate] Enabling floodgate v2.2.3-SNAPSHOT (b114-83fbd6e)
[08:23:50] [Server thread/INFO]: [ViaVersion] Enabling ViaVersion v5.1.1
[08:23:50] [Server thread/INFO]: [ViaVersion] ViaVersion detected server version: 1.20.3-1.20.4 (765)
[08:23:50] [Server thread/INFO]: [Geyser-Spigot] Enabling Geyser-Spigot v2.5.1-SNAPSHOT
[08:23:50] [Server thread/INFO]: [ViaBackwards] Enabling ViaBackwards v5.1.1
[08:23:51] [Server thread/INFO]: [Geyser-Spigot] ******************************************
[08:23:51] [Server thread/INFO]: [Geyser-Spigot] 
[08:23:51] [Server thread/INFO]: [Geyser-Spigot] Loading Geyser version 2.5.1-b725 (git-master-d2051c2)
[08:23:51] [Server thread/INFO]: [Geyser-Spigot] 
[08:23:51] [Server thread/INFO]: [Geyser-Spigot] ******************************************
[08:23:55] [pool-13-thread-1/WARN]: [floodgate] 
**********************************
* The prefix you entered in your Floodgate config (PE: ) is long! (4 characters)
* A prefix is there to prevent username conflicts. However, a long prefix makes the chance of username conflicts higher.
* We strongly recommend using . as the prefix, but other alternatives that will not conflict include: +, - and *
**********************************
[08:23:55] [epollEventLoopGroup-3-1/INFO]: [Geyser-Spigot] Started Geyser on UDP port 19132
[08:23:55] [Server thread/INFO]: [Geyser-Spigot] Done (4.379s)! Run /geyser help for help!
[08:23:55] [Server thread/INFO]: Running delayed init tasks
[08:23:55] [Server thread/INFO]: Done (13.093s)! For help, type "help"
[08:23:55] [Server thread/INFO]: Timings Reset
[08:23:55] [Craft Scheduler Thread - 2 - ViaVersion/INFO]: [ViaVersion] Finished mapping loading, shutting down loader executor.
[08:23:55] [Server thread/WARN]: [ViaVersion] There is a newer plugin version available: 5.2.0, you're on: 5.1.1
[08:24:21] [User Authenticator #0/INFO]: UUID of player GeekAnonymous is dfcf6659-2697-3fc2-b087-04001bc931a6
[08:24:23] [Server thread/INFO]: GeekAnonymous joined the game
[08:24:23] [Server thread/INFO]: GeekAnonymous[/127.192.34.216:40731] logged in with entity id 466 at ([world]-1217.2312068486376, 65.0, 661.6916706623085)
[08:25:41] [Server thread/INFO]: Unknown command. Type "/help" for help.
[08:29:04] [epollEventLoopGroup-4-1/INFO]: [Geyser-Spigot] Bedrock user with ip: /127.0.0.1 has disconnected for reason Outdated Bedrock client! This server supports the following Bedrock versions: 1.21.40 - 1.21.44, 1.21.50
[08:33:47] [epollEventLoopGroup-4-2/INFO]: [Geyser-Spigot] Bedrock user with ip: /127.0.0.1 has disconnected for reason Outdated Bedrock client! This server supports the following Bedrock versions: 1.21.40 - 1.21.44, 1.21.50
[08:35:31] [Server thread/INFO]: GeekAnonymous lost connection: Disconnected
[08:35:31] [Server thread/INFO]: GeekAnonymous left the game
[08:37:18] [epollEventLoopGroup-4-3/INFO]: [Geyser-Spigot] Player connected with username Shreeansh4960
[08:37:18] [localSession-7-2/INFO]: [Geyser-Spigot] Shreeansh4960 (logged in as: Shreeansh4960) has connected to the Java server
[08:37:19] [Server thread/INFO]: [floodgate] Floodgate player logged in as PE:_Shreeansh496 joined (UUID: 00000000-0000-0000-0009-01ffc41a05e4)
[08:37:19] [Server thread/INFO]: PE:_Shreeansh496 (formerly known as .Shreeansh4960) joined the game
[08:37:19] [Server thread/INFO]: PE:_Shreeansh496[/127.0.0.1:0] logged in with entity id 2707 at ([world]-1422.6139, 63.0, 760.24585)
[08:37:38] [User Authenticator #1/INFO]: UUID of player GeekAnonymous is dfcf6659-2697-3fc2-b087-04001bc931a6
[08:37:38] [Server thread/INFO]: GeekAnonymous joined the game
[08:37:38] [Server thread/INFO]: GeekAnonymous[/127.192.34.216:33369] logged in with entity id 2828 at ([world]-1241.6974758832441, 69.5625, 779.6407017705973)
[08:38:54] [Server thread/WARN]: PE:_Shreeansh496 moved wrongly!
[08:38:57] [Server thread/INFO]: PE:_Shreeansh496 was slain by GeekAnonymous
[08:39:07] [Server thread/INFO]: GeekAnonymous lost connection: Disconnected
[08:39:07] [Server thread/INFO]: GeekAnonymous left the game
[08:39:14] [localSession-7-2/INFO]: [Geyser-Spigot] Shreeansh4960 has disconnected from the Java server because of Bedrock client timed out
[08:39:14] [Geyser Spigot connection thread-6-3/INFO]: [floodgate] Floodgate player logged in as PE:_Shreeansh496 disconnected
[08:39:14] [Server thread/INFO]: PE:_Shreeansh496 lost connection: Disconnected
[08:39:14] [Server thread/INFO]: PE:_Shreeansh496 left the game
[08:41:40] [Server thread/INFO]: Stopping the server
[08:41:41] [Server thread/INFO]: Stopping server
[08:41:41] [Server thread/INFO]: [ViaBackwards] Disabling ViaBackwards v5.1.1
[08:41:41] [Server thread/INFO]: [Geyser-Spigot] Disabling Geyser-Spigot v2.5.1-SNAPSHOT
[08:41:41] [Server thread/INFO]: [Geyser-Spigot] Shutting down Geyser.
[08:41:41] [Server thread/INFO]: [Geyser-Spigot] Geyser shutdown successfully.
[08:41:41] [Server thread/INFO]: [ViaVersion] Disabling ViaVersion v5.1.1
[08:41:41] [Server thread/INFO]: [ViaVersion] ViaVersion has been disabled; uninjected the platform and shut down the scheduler.
[08:41:41] [Server thread/INFO]: [floodgate] Disabling floodgate v2.2.3-SNAPSHOT (b114-83fbd6e)
[08:41:41] [Server thread/INFO]: Saving players
[08:41:41] [Server thread/INFO]: Saving worlds
[08:41:41] [Server thread/INFO]: Saving chunks for level 'ServerLevel[world]'/minecraft:overworld
[08:41:41] [Server thread/INFO]: [ChunkHolderManager] Waiting 60s for chunk system to halt for world 'world'
[08:41:41] [Server thread/INFO]: [ChunkHolderManager] Halted chunk system for world 'world'
[08:41:41] [Server thread/INFO]: [ChunkHolderManager] Saving all chunkholders for world 'world'
[08:41:41] [Server thread/INFO]: [ChunkHolderManager] Saved 43 block chunks, 395 entity chunks, 0 poi chunks in world 'world' in 0.16s
[08:41:41] [Server thread/INFO]: ThreadedAnvilChunkStorage (world): All chunks are saved
[08:41:41] [Server thread/INFO]: Saving chunks for level 'ServerLevel[world_nether]'/minecraft:the_nether
[08:41:41] [Server thread/INFO]: [ChunkHolderManager] Waiting 60s for chunk system to halt for world 'world_nether'
[08:41:41] [Server thread/INFO]: [ChunkHolderManager] Halted chunk system for world 'world_nether'
[08:41:41] [Server thread/INFO]: [ChunkHolderManager] Saving all chunkholders for world 'world_nether'
[08:41:41] [Server thread/INFO]: [ChunkHolderManager] Saved 0 block chunks, 20 entity chunks, 0 poi chunks in world 'world_nether' in 0.01s
[08:41:41] [Server thread/INFO]: ThreadedAnvilChunkStorage (DIM-1): All chunks are saved
[08:41:41] [Server thread/INFO]: Saving chunks for level 'ServerLevel[world_the_end]'/minecraft:the_end
[08:41:41] [Server thread/INFO]: [ChunkHolderManager] Waiting 60s for chunk system to halt for world 'world_the_end'
[08:41:41] [Server thread/INFO]: [ChunkHolderManager] Halted chunk system for world 'world_the_end'
[08:41:41] [WebSocketConnectReadThread-76/INFO]: [Geyser-Spigot] The skin uploader has been closed
[08:41:41] [Server thread/INFO]: [ChunkHolderManager] Saving all chunkholders for world 'world_the_end'
[08:41:41] [Server thread/INFO]: [ChunkHolderManager] Saved 0 block chunks, 10 entity chunks, 0 poi chunks in world 'world_the_end' in 0.00s
[08:41:41] [Server thread/INFO]: ThreadedAnvilChunkStorage (DIM1): All chunks are saved
[08:41:41] [Server thread/INFO]: ThreadedAnvilChunkStorage: All dimensions are saved
[08:41:41] [Server thread/INFO]: Flushing Chunk IO
[08:41:41] [Server thread/INFO]: Closing Thread Pool
[08:41:41] [Server thread/INFO]: Closing Server
